2021-10-14 12:39:30.170  INFO 912 --- [restartedMain] com.huimeng.BlogEndApplication           : Starting BlogEndApplication using Java 16 on LAPTOP-8J5B37MU with PID 912 (D:\IDEA\blog\target\classes started by 25973 in D:\IDEA\blog)
2021-10-14 12:39:30.176 DEBUG 912 --- [restartedMain] com.huimeng.BlogEndApplication           : Running with Spring Boot v2.5.5, Spring v5.3.10
2021-10-14 12:39:30.176  INFO 912 --- [restartedMain] com.huimeng.BlogEndApplication           : No active profile set, falling back to default profiles: default
2021-10-14 12:39:30.221  INFO 912 --- [restartedMain] .e.DevToolsPropertyDefaultsPostProcessor : Devtools property defaults active! Set 'spring.devtools.add-properties' to 'false' to disable
2021-10-14 12:39:30.222  INFO 912 --- [restartedMain] .e.DevToolsPropertyDefaultsPostProcessor : For additional web related logging consider setting the 'logging.level.web' property to 'DEBUG'
2021-10-14 12:39:30.705  INFO 912 --- [restartedMain] .s.d.r.c.RepositoryConfigurationDelegate : Bootstrapping Spring Data JPA repositories in DEFAULT mode.
2021-10-14 12:39:30.716  INFO 912 --- [restartedMain] .s.d.r.c.RepositoryConfigurationDelegate : Finished Spring Data repository scanning in 5 ms. Found 0 JPA repository interfaces.
2021-10-14 12:39:31.397  INFO 912 --- [restartedMain] o.s.b.w.embedded.tomcat.TomcatWebServer  : Tomcat initialized with port(s): 8080 (http)
2021-10-14 12:39:31.406  INFO 912 --- [restartedMain] o.apache.catalina.core.StandardService   : Starting service [Tomcat]
2021-10-14 12:39:31.406  INFO 912 --- [restartedMain] org.apache.catalina.core.StandardEngine  : Starting Servlet engine: [Apache Tomcat/9.0.53]
2021-10-14 12:39:31.408  INFO 912 --- [restartedMain] o.a.catalina.core.AprLifecycleListener   : Loaded Apache Tomcat Native library [1.2.30] using APR version [1.7.0].
2021-10-14 12:39:31.408  INFO 912 --- [restartedMain] o.a.catalina.core.AprLifecycleListener   : APR capabilities: IPv6 [true], sendfile [true], accept filters [false], random [true], UDS [true].
2021-10-14 12:39:31.408  INFO 912 --- [restartedMain] o.a.catalina.core.AprLifecycleListener   : APR/OpenSSL configuration: useAprConnector [false], useOpenSSL [true]
2021-10-14 12:39:31.423  INFO 912 --- [restartedMain] o.a.catalina.core.AprLifecycleListener   : OpenSSL successfully initialized [OpenSSL 1.1.1k  25 Mar 2021]
2021-10-14 12:39:31.512  INFO 912 --- [restartedMain] o.a.c.c.C.[Tomcat].[localhost].[/]       : Initializing Spring embedded WebApplicationContext
2021-10-14 12:39:31.513  INFO 912 --- [restartedMain] w.s.c.ServletWebServerApplicationContext : Root WebApplicationContext: initialization completed in 1291 ms
2021-10-14 12:39:31.679  INFO 912 --- [restartedMain] o.hibernate.jpa.internal.util.LogHelper  : HHH000204: Processing PersistenceUnitInfo [name: default]
2021-10-14 12:39:31.732  INFO 912 --- [restartedMain] org.hibernate.Version                    : HHH000412: Hibernate ORM core version 5.4.32.Final
2021-10-14 12:39:31.851  INFO 912 --- [restartedMain] o.hibernate.annotations.common.Version   : HCANN000001: Hibernate Commons Annotations {5.1.2.Final}
2021-10-14 12:39:31.925  INFO 912 --- [restartedMain] com.zaxxer.hikari.HikariDataSource       : HikariPool-1 - Starting...
2021-10-14 12:39:32.239  INFO 912 --- [restartedMain] com.zaxxer.hikari.HikariDataSource       : HikariPool-1 - Start completed.
2021-10-14 12:39:32.253  INFO 912 --- [restartedMain] org.hibernate.dialect.Dialect            : HHH000400: Using dialect: org.hibernate.dialect.MySQL8Dialect
2021-10-14 12:39:32.899  INFO 912 --- [restartedMain] o.h.e.t.j.p.i.JtaPlatformInitiator       : HHH000490: Using JtaPlatform implementation: [org.hibernate.engine.transaction.jta.platform.internal.NoJtaPlatform]
2021-10-14 12:39:32.905  INFO 912 --- [restartedMain] j.LocalContainerEntityManagerFactoryBean : Initialized JPA EntityManagerFactory for persistence unit 'default'
2021-10-14 12:39:32.972  WARN 912 --- [restartedMain] JpaBaseConfiguration$JpaWebConfiguration : spring.jpa.open-in-view is enabled by default. Therefore, database queries may be performed during view rendering. Explicitly configure spring.jpa.open-in-view to disable this warning
2021-10-14 12:39:33.186  INFO 912 --- [restartedMain] o.s.b.a.w.s.WelcomePageHandlerMapping    : Adding welcome page template: index
2021-10-14 12:39:33.454  INFO 912 --- [restartedMain] o.s.b.d.a.OptionalLiveReloadServer       : LiveReload server is running on port 35729
2021-10-14 12:39:33.482  INFO 912 --- [restartedMain] o.s.b.w.embedded.tomcat.TomcatWebServer  : Tomcat started on port(s): 8080 (http) with context path ''
2021-10-14 12:39:33.491  INFO 912 --- [restartedMain] com.huimeng.BlogEndApplication           : Started BlogEndApplication in 3.861 seconds (JVM running for 5.168)
2021-10-14 12:41:30.385  INFO 912 --- [http-nio-8080-exec-1] o.a.c.c.C.[Tomcat].[localhost].[/]       : Initializing Spring DispatcherServlet 'dispatcherServlet'
2021-10-14 12:41:30.385  INFO 912 --- [http-nio-8080-exec-1] o.s.web.servlet.DispatcherServlet        : Initializing Servlet 'dispatcherServlet'
2021-10-14 12:41:30.386  INFO 912 --- [http-nio-8080-exec-1] o.s.web.servlet.DispatcherServlet        : Completed initialization in 1 ms
2021-10-14 14:01:05.184  WARN 912 --- [HikariPool-1 housekeeper] com.zaxxer.hikari.pool.HikariPool        : HikariPool-1 - Thread starvation or clock leap detected (housekeeper delta=19m1s780ms377µs).
2021-10-14 15:19:28.419  INFO 912 --- [SpringApplicationShutdownHook] j.LocalContainerEntityManagerFactoryBean : Closing JPA EntityManagerFactory for persistence unit 'default'
2021-10-14 15:19:28.491  INFO 912 --- [SpringApplicationShutdownHook] com.zaxxer.hikari.HikariDataSource       : HikariPool-1 - Shutdown initiated...
2021-10-14 15:19:28.522  INFO 912 --- [SpringApplicationShutdownHook] com.zaxxer.hikari.HikariDataSource       : HikariPool-1 - Shutdown completed.
2021-10-14 15:36:57.304  INFO 20520 --- [main] c.h.blogend.BlogEndApplicationTests      : Starting BlogEndApplicationTests using Java 16 on LAPTOP-8J5B37MU with PID 20520 (started by 25973 in D:\IDEA\blog)
2021-10-14 15:36:57.306 DEBUG 20520 --- [main] c.h.blogend.BlogEndApplicationTests      : Running with Spring Boot v2.5.5, Spring v5.3.10
2021-10-14 15:36:57.310  INFO 20520 --- [main] c.h.blogend.BlogEndApplicationTests      : No active profile set, falling back to default profiles: default
2021-10-14 15:36:58.403  INFO 20520 --- [main] .s.d.r.c.RepositoryConfigurationDelegate : Bootstrapping Spring Data JPA repositories in DEFAULT mode.
2021-10-14 15:36:58.423  INFO 20520 --- [main] .s.d.r.c.RepositoryConfigurationDelegate : Finished Spring Data repository scanning in 8 ms. Found 0 JPA repository interfaces.
2021-10-14 15:36:59.498  INFO 20520 --- [main] o.hibernate.jpa.internal.util.LogHelper  : HHH000204: Processing PersistenceUnitInfo [name: default]
2021-10-14 15:36:59.588  INFO 20520 --- [main] org.hibernate.Version                    : HHH000412: Hibernate ORM core version 5.4.32.Final
2021-10-14 15:36:59.857  INFO 20520 --- [main] o.hibernate.annotations.common.Version   : HCANN000001: Hibernate Commons Annotations {5.1.2.Final}
2021-10-14 15:37:00.160  INFO 20520 --- [main] com.zaxxer.hikari.HikariDataSource       : HikariPool-1 - Starting...
2021-10-14 15:37:00.882  INFO 20520 --- [main] com.zaxxer.hikari.HikariDataSource       : HikariPool-1 - Start completed.
2021-10-14 15:37:00.916  INFO 20520 --- [main] org.hibernate.dialect.Dialect            : HHH000400: Using dialect: org.hibernate.dialect.MySQL8Dialect
2021-10-14 15:37:02.157  INFO 20520 --- [main] o.h.e.t.j.p.i.JtaPlatformInitiator       : HHH000490: Using JtaPlatform implementation: [org.hibernate.engine.transaction.jta.platform.internal.NoJtaPlatform]
2021-10-14 15:37:02.176  INFO 20520 --- [main] j.LocalContainerEntityManagerFactoryBean : Initialized JPA EntityManagerFactory for persistence unit 'default'
2021-10-14 15:37:02.727  WARN 20520 --- [main] JpaBaseConfiguration$JpaWebConfiguration : spring.jpa.open-in-view is enabled by default. Therefore, database queries may be performed during view rendering. Explicitly configure spring.jpa.open-in-view to disable this warning
2021-10-14 15:37:03.363  INFO 20520 --- [main] o.s.b.a.w.s.WelcomePageHandlerMapping    : Adding welcome page template: index
2021-10-14 15:37:03.959  INFO 20520 --- [main] c.h.blogend.BlogEndApplicationTests      : Started BlogEndApplicationTests in 7.075 seconds (JVM running for 8.082)
2021-10-14 15:37:04.254  INFO 20520 --- [SpringApplicationShutdownHook] j.LocalContainerEntityManagerFactoryBean : Closing JPA EntityManagerFactory for persistence unit 'default'
2021-10-14 15:37:04.258  INFO 20520 --- [SpringApplicationShutdownHook] com.zaxxer.hikari.HikariDataSource       : HikariPool-1 - Shutdown initiated...
2021-10-14 15:37:04.270  INFO 20520 --- [SpringApplicationShutdownHook] com.zaxxer.hikari.HikariDataSource       : HikariPool-1 - Shutdown completed.
